21:14:20.352 > 
21:14:20.352 > 7,-40
21:14:20.429 > 7,-38
21:14:20.531 > 8,-37
21:14:20.634 > 8,-37
21:14:20.655 > 8,-64
21:14:20.737 > 8,-38
21:14:20.839 > 8,-45
21:14:20.843 > 9,-65
21:14:20.943 > 9,-55
21:14:20.943 > 9,-66
21:14:21.044 > 9,-57
21:14:21.146 > 9,-59
21:14:21.183 > 10,-65
21:14:21.250 > 10,-64
21:14:21.351 > 10,-62
21:14:21.453 > 10,-64
21:14:21.555 > 10,-64
21:14:21.658 > 11,-63
21:14:21.761 > 11,-65
21:14:21.863 > 11,-59
21:14:21.965 > 11,-50
21:14:21.990 > 11,-68
21:14:22.068 > 12,-48
21:14:22.170 > 12,-56
21:14:22.273 > 12,-47
21:14:22.296 > 12,-66
21:14:22.375 > 12,-48
21:14:22.395 > 13,-65
21:14:22.477 > 13,-54
21:14:22.580 > 13,-48
21:14:22.682 > 13,-55
21:14:22.686 > 13,-55
21:14:22.785 > 14,-61
21:14:22.887 > 14,-61
21:14:22.989 > 14,-66
21:14:23.092 > 14,-64
21:14:23.194 > 14,-67
21:14:23.297 > 15,-63
21:14:23.399 > 15,-63
21:14:23.501 > 15,-62
21:14:23.603 > 15,-63
21:14:23.666 > 15,-65
21:14:23.707 > 16,-64
21:14:23.809 > 16,-61
21:14:23.911 > 16,-63
21:14:24.014 > 16,-64
21:14:24.117 > 16,-62
21:14:24.218 > 17,-61
21:14:24.289 > 17,-61
21:14:24.302 > 17,-60
21:14:24.320 > 17,-61
21:14:24.422 > 17,-60
21:14:24.444 > 18,-61
21:14:24.527 > 18,-61
21:14:24.527 > 18,-67
21:14:24.628 > 18,-62
21:14:24.730 > 18,-60
21:14:24.764 > 19,-68
21:14:24.833 > 19,-61
21:14:24.935 > 19,-60
21:14:25.038 > 19,-60
21:14:25.063 > 19,-61
21:14:25.140 > 20,-59
21:14:25.242 > 20,-61
21:14:25.345 > 20,-59
21:14:25.447 > 20,-60
21:14:25.549 > 20,-60
21:14:25.652 > 21,-59
21:14:25.754 > 21,-60
21:14:25.857 > 21,-59
21:14:25.959 > 21,-59
21:14:26.061 > 21,-59
21:14:26.144 > 22,-60
21:14:26.164 > 22,-59
21:14:26.266 > 22,-59
21:14:26.297 > 22,-70
21:14:26.369 > 22,-61
21:14:26.471 > 23,-61
21:14:26.573 > 23,-61
21:14:26.676 > 23,-60
21:14:26.778 > 23,-61
21:14:26.880 > 23,-63
21:14:26.983 > 24,-62
21:14:27.085 > 24,-62
21:14:27.188 > 24,-61
21:14:27.194 > 24,-67
21:14:27.290 > 24,-59
21:14:27.392 > 25,-57
21:14:27.495 > 25,-56
21:14:27.597 > 25,-49
21:14:27.624 > 25,-68
21:14:27.624 > 25,-49
21:14:27.700 > 26,-54
21:14:27.802 > 26,-54
21:14:27.904 > 26,-48
21:14:28.007 > 26,-49
21:14:28.109 > 26,-48
21:14:28.212 > 27,-49
21:14:28.314 > 27,-56
21:14:28.416 > 27,-48
21:14:28.519 > 27,-55
21:14:28.621 > 27,-47
21:14:28.654 > 28,-48
21:14:28.724 > 28,-48
21:14:28.826 > 28,-48
21:14:28.928 > 28,-49
21:14:29.031 > 28,-49
21:14:29.040 > 29,-55
21:14:29.133 > 29,-56
21:14:29.236 > 29,-48
21:14:29.338 > 29,-55
21:14:29.441 > 29,-47
21:14:29.543 > 30,-54
21:14:29.577 > 30,-48
21:14:29.646 > 30,-54
21:14:29.747 > 30,-48
21:14:29.850 > 30,-48
21:14:29.954 > 31,-54
21:14:29.954 > 31,-68
21:14:30.055 > 31,-49
21:14:30.061 > 31,-81
21:14:30.157 > 31,-49
21:14:30.177 > 32,-67
21:14:30.260 > 32,-56
21:14:30.362 > 32,-57
21:14:30.367 > 32,-68
21:14:30.367 > 32,-49
21:14:30.465 > 33,-49
21:14:30.567 > 33,-48
21:14:30.670 > 33,-48
21:14:30.772 > 33,-49
21:14:30.875 > 33,-55
21:14:30.976 > 34,-48
21:14:31.079 > 34,-55
21:14:31.105 > 34,-69
21:14:31.195 > 34,-48
21:14:31.218 > 34,-69
21:14:31.284 > 35,-48
21:14:31.386 > 35,-49
21:14:31.488 > 35,-55
21:14:31.591 > 35,-50
21:14:31.693 > 35,-50
21:14:31.769 > 36,-55
21:14:31.796 > 36,-55
21:14:31.898 > 36,-55
21:14:32.000 > 36,-57
21:14:32.103 > 36,-49
21:14:32.205 > 37,-56
21:14:32.308 > 37,-55
21:14:32.316 > 37,-69
21:14:32.410 > 37,-55
21:14:32.513 > 37,-56
21:14:32.615 > 38,-49
21:14:32.707 > 38,-56
21:14:32.717 > 38,-55
21:14:32.824 > 38,-56
21:14:32.834 > 38,-55
21:14:32.922 > 39,-57
21:14:32.922 > 39,-88
21:14:33.025 > 39,-55
21:14:33.029 > 39,-49
21:14:33.127 > 39,-56
21:14:33.229 > 40,-57
21:14:33.332 > 40,-56
21:14:33.434 > 40,-56
21:14:33.537 > 40,-49
21:14:33.639 > 40,-55
21:14:33.664 > 41,-55
21:14:33.741 > 41,-49
21:14:33.843 > 41,-55
21:14:33.946 > 41,-49
21:14:34.049 > 41,-56
21:14:34.152 > 42,-59
21:14:34.200 > 42,-58
21:14:34.253 > 42,-58
21:14:34.355 > 42,-60
21:14:34.458 > 42,-59
21:14:34.460 > 43,-71
21:14:34.560 > 43,-58
21:14:34.662 > 43,-58
21:14:34.765 > 43,-60
21:14:34.774 > 43,-68
21:14:34.868 > 44,-60
21:14:34.970 > 44,-58
21:14:35.175 > 44,-59
21:14:35.202 > 44,-68
21:14:35.277 > 44,-61
21:14:35.379 > 45,-60
21:14:35.482 > 45,-61
21:14:35.584 > 45,-60
21:14:35.589 > 45,-62
21:14:35.687 > 45,-61
21:14:35.789 > 46,-63
21:14:35.891 > 46,-61
21:14:35.994 > 46,-61
21:14:36.031 > 46,-68
21:14:36.096 > 46,-58
21:14:36.129 > 47,-69
21:14:36.199 > 47,-51
21:14:36.301 > 47,-58
21:14:36.403 > 47,-58
21:14:36.506 > 47,-56
21:14:36.608 > 48,-51
21:14:36.645 > 48,-72
21:14:36.710 > 48,-48
21:14:36.715 > 48,-55
21:14:36.813 > 48,-57
21:14:37.018 > 49,-56
21:14:37.120 > 49,-54
21:14:37.223 > 49,-55
21:14:37.325 > 49,-47
21:14:37.427 > 49,-47
21:14:37.530 > 50,-47
21:14:37.632 > 50,-47
21:14:37.735 > 50,-47
21:14:37.742 > 50,-54
21:14:37.837 > 50,-54
21:14:37.939 > 51,-47
21:14:38.042 > 51,-48
21:14:38.144 > 51,-48
21:14:38.246 > 51,-55
21:14:38.348 > 51,-54
21:14:38.451 > 52,-47
21:14:38.554 > 52,-48
21:14:38.656 > 52,-47
21:14:38.759 > 52,-47
21:14:38.861 > 52,-54
21:14:38.879 > 53,-72
21:14:38.967 > 53,-54
21:14:39.065 > 53,-55
21:14:39.168 > 53,-54
21:14:39.270 > 53,-47
21:14:39.373 > 54,-54
21:14:39.475 > 54,-47
21:14:39.578 > 54,-47
21:14:39.596 > 54,-70
21:14:39.681 > 54,-47
21:14:39.783 > 55,-54
21:14:39.783 > 55,-31
21:14:39.885 > 55,-47
21:14:39.988 > 55,-54
21:14:40.090 > 55,-47
21:14:40.192 > 56,-47
21:14:40.295 > 56,-47
21:14:40.397 > 56,-55
21:14:40.500 > 56,-47
21:14:40.602 > 56,-47
21:14:40.704 > 57,-48
21:14:40.806 > 57,-47
21:14:40.823 > 57,-68
21:14:40.909 > 57,-54
21:14:40.922 > 57,-68
21:14:41.012 > 58,-46
21:14:41.118 > 58,-47
21:14:41.123 > 58,-68
21:14:41.216 > 58,-47
21:14:41.220 > 58,-71
21:14:41.319 > 59,-47
21:14:41.524 > 59,-48
21:14:41.540 > 59,-67
21:14:41.626 > 59,-47
21:14:41.728 > 59,-54
21:14:41.831 > 60,-54
21:14:41.933 > 60,-47
21:14:42.035 > 60,-47
21:14:42.138 > 60,-47
21:14:42.240 > 60,-47
21:14:42.343 > 61,-53
21:14:42.445 > 61,-54
21:14:42.525 > 61,-54
21:14:42.547 > 61,-47
21:14:42.650 > 61,-47
21:14:42.752 > 62,-46
21:14:42.855 > 62,-55
21:14:42.957 > 62,-47
21:14:43.059 > 62,-55
21:14:43.064 > 62,-71
21:14:43.162 > 63,-47
21:14:43.264 > 63,-55
21:14:43.367 > 63,-47
21:14:43.469 > 63,-47
21:14:43.571 > 63,-47
21:14:43.674 > 64,-54
21:14:43.776 > 64,-47
21:14:43.878 > 64,-47
21:14:43.981 > 64,-54
21:14:44.083 > 64,-54
21:14:44.185 > 65,-47
21:14:44.208 > 65,-69
21:14:44.288 > 65,-47
21:14:44.390 > 65,-54
21:14:44.493 > 65,-55
21:14:44.595 > 66,-48
21:14:44.618 > 66,-48
21:14:44.700 > 66,-47
21:14:44.800 > 66,-47
21:14:44.902 > 66,-47
21:14:44.925 > 67,-87
21:14:45.005 > 67,-47
21:14:45.107 > 67,-47
21:14:45.210 > 67,-47
21:14:45.312 > 67,-47
21:14:45.374 > 68,-47
21:14:45.414 > 68,-54
21:14:45.517 > 68,-47
21:14:45.619 > 68,-47
21:14:45.722 > 68,-48
21:14:45.825 > 69,-54
21:14:45.825 > 69,-71
21:14:45.927 > 69,-54
21:14:46.029 > 69,-47
21:14:46.104 > 69,-47
21:14:46.131 > 70,-55
21:14:46.233 > 70,-46
21:14:46.236 > 70,-71
21:14:46.336 > 70,-47
21:14:46.440 > 70,-55
21:14:46.440 > 71,-69
21:14:46.541 > 71,-54
21:14:46.643 > 71,-55
21:14:46.746 > 71,-47
21:14:46.750 > 71,-54
21:14:46.848 > 72,-54
21:14:46.951 > 72,-55
21:14:47.053 > 72,-55
21:14:47.156 > 72,-47
21:14:47.258 > 72,-47
21:14:47.307 > 73,-47
21:14:47.360 > 73,-48
21:14:47.463 > 73,-47
21:14:47.490 > 73,-71
21:14:47.565 > 73,-54
21:14:47.667 > 74,-47
21:14:47.671 > 74,-71
21:14:47.770 > 74,-46
21:14:47.872 > 74,-47
21:14:47.975 > 74,-54
21:14:48.083 > 75,-47
21:14:48.179 > 75,-47
21:14:48.282 > 75,-47
21:14:48.384 > 75,-47
21:14:48.487 > 75,-54
21:14:48.589 > 76,-54
21:14:48.593 > 76,-54
21:14:48.691 > 76,-55
21:14:48.794 > 76,-54
21:14:48.896 > 76,-47
21:14:49.101 > 77,-47
21:14:49.203 > 77,-55
21:14:49.306 > 77,-54
21:14:49.408 > 77,-55
21:14:49.510 > 77,-55
21:14:49.613 > 78,-55
21:14:49.715 > 78,-46
21:14:49.818 > 78,-46
21:14:49.920 > 78,-47
21:14:49.948 > 78,-68
21:14:50.023 > 79,-54
21:14:50.125 > 79,-47
21:14:50.227 > 79,-55
21:14:50.330 > 79,-55
21:14:50.352 > 79,-47
21:14:50.432 > 80,-55
21:14:50.535 > 80,-47
21:14:50.637 > 80,-47
21:14:50.739 > 80,-47
21:14:50.842 > 80,-54
21:14:50.944 > 81,-54
21:14:51.102 > 81,-54
21:14:51.155 > 81,-54
21:14:51.251 > 81,-55
21:14:51.353 > 81,-47
21:14:51.456 > 82,-47
21:14:51.520 > 82,-54
21:14:51.558 > 82,-55
21:14:51.661 > 82,-47
21:14:51.763 > 82,-47
21:14:51.866 > 83,-47
21:14:51.968 > 83,-47
21:14:52.171 > 83,-54
21:14:52.174 > 83,-47
21:14:52.275 > 83,-47
21:14:52.378 > 84,-47
21:14:52.451 > 84,-47
21:14:52.480 > 84,-55
21:14:52.582 > 84,-48
21:14:52.685 > 84,-55
21:14:52.787 > 85,-48
21:14:52.889 > 85,-54
21:14:52.992 > 85,-47
21:14:53.094 > 85,-55
21:14:53.197 > 85,-47
21:14:53.253 > 86,-47
21:14:53.299 > 86,-47
21:14:53.303 > 86,-47
21:14:53.306 > 86,-68
21:14:53.316 > 86,-54
21:14:53.402 > 87,-47
21:14:53.504 > 87,-54
21:14:53.704 > 87,-54
21:14:53.708 > 87,-46
21:14:53.811 > 87,-47
21:14:53.914 > 88,-47
21:14:54.016 > 88,-47
21:14:54.118 > 88,-55
21:14:54.221 > 88,-47
21:14:54.323 > 88,-47
21:14:54.425 > 89,-47
21:14:54.528 > 89,-53
21:14:54.630 > 89,-47
21:14:54.708 > 89,-47
21:14:54.732 > 89,-55
21:14:54.835 > 90,-54
21:14:54.938 > 90,-47
21:14:54.976 > 90,-70
21:14:55.040 > 90,-47
21:14:55.142 > 90,-54
21:14:55.347 > 91,-47
21:14:55.450 > 91,-47
21:14:55.462 > 91,-69
21:14:55.552 > 91,-47
21:14:55.654 > 91,-54
21:14:55.757 > 92,-47
21:14:55.763 > 92,-71
21:14:55.859 > 92,-54
21:14:55.962 > 92,-47
21:14:56.064 > 92,-47
21:14:56.070 > 93,-68
21:14:56.070 > 93,-47
21:14:56.166 > 93,-47
21:14:56.269 > 93,-46
21:14:56.371 > 93,-55
21:14:56.474 > 94,-47
21:14:56.576 > 94,-55
21:14:56.678 > 94,-47
21:14:56.781 > 94,-55
21:14:56.785 > 94,-53
21:14:56.883 > 95,-47
21:14:56.986 > 95,-48
21:14:57.088 > 95,-54
21:14:57.190 > 95,-47
21:14:57.292 > 95,-47
21:14:57.395 > 96,-54
21:14:57.497 > 96,-47
21:14:57.520 > 96,-73
21:14:57.520 > 96,-47
21:14:57.600 > 96,-47
21:14:57.702 > 97,-54
21:14:57.805 > 97,-47
21:14:57.809 > 97,-53
21:14:57.907 > 97,-47
21:14:58.010 > 97,-47
21:14:58.112 > 98,-53
21:14:58.214 > 98,-47
21:14:58.317 > 98,-48
21:14:58.419 > 98,-55
21:14:58.445 > 98,-69
21:14:58.522 > 99,-54
21:14:58.556 > 99,-70
21:14:58.625 > 99,-54
21:14:58.726 > 99,-47
21:14:58.829 > 99,-54
21:14:58.940 > Connecting to Openwrt
21:14:59.038 > ................................................................................................................................................................................................................................................................................................................................................................................................................................................................................................................................................................................
21:15:55.775 > Connected! IP address: 192.168.1.105
21:15:55.778 > Iterations
21:15:55.778 > 17
21:15:55.778 > Batch
21:15:55.780 > 1
21:15:55.881 > Batch
21:15:55.882 > 2
21:15:55.984 > Batch
21:15:55.984 > 3
21:15:56.088 > Batch
21:15:56.088 > 4
21:15:56.191 > Batch
21:15:56.191 > 5
21:15:56.294 > Batch
21:15:56.294 > 6
21:15:56.397 > Batch
21:15:56.397 > 7
21:15:56.500 > Batch
21:15:56.500 > 8
21:15:56.603 > Batch
21:15:56.603 > 9
21:15:56.706 > Batch
21:15:56.706 > 10
21:15:56.810 > Batch
21:15:56.810 > 11
21:15:56.912 > Batch
21:15:56.912 > 12
21:15:57.016 > Batch
21:15:57.016 > 13
21:15:57.119 > Batch
21:15:57.119 > 14
21:15:57.222 > Batch
21:15:57.222 > 15
21:15:57.325 > Batch
21:15:57.325 > 16
21:15:57.427 > Batch
21:15:57.427 > 17
21:15:57.529 > Data Sent! Rebooting now
