16:38:02.282 > 
16:38:02.282 > 8,-40
16:38:02.384 > 8,-38
16:38:02.487 > 9,-39
16:38:02.589 > 9,-37
16:38:02.692 > 9,-39
16:38:02.794 > 9,-39
16:38:02.897 > 9,-40
16:38:02.999 > 10,-39
16:38:03.101 > 10,-57
16:38:03.204 > 10,-39
16:38:03.306 > 10,-39
16:38:03.408 > 10,-39
16:38:03.511 > 11,-39
16:38:03.614 > 11,-44
16:38:03.716 > 11,-46
16:38:03.818 > 11,-42
16:38:03.920 > 11,-41
16:38:04.023 > 12,-57
16:38:04.126 > 12,-50
16:38:04.228 > 12,-44
16:38:04.331 > 12,-47
16:38:04.433 > 12,-55
16:38:04.535 > 13,-59
16:38:04.637 > 13,-64
16:38:04.740 > 13,-68
16:38:04.845 > 13,-62
16:38:04.845 > 13,-61
16:38:04.845 > 14,-62
16:38:04.848 > 14,-61
16:38:04.851 > 14,-60
16:38:04.945 > 14,-49
16:38:05.047 > 14,-55
16:38:05.150 > 15,-58
16:38:05.252 > 15,-61
16:38:05.354 > 15,-55
16:38:05.457 > 15,-47
16:38:05.560 > 15,-53
16:38:05.662 > 16,-58
16:38:05.764 > 16,-60
16:38:05.869 > 16,-54
16:38:05.869 > 16,-55
16:38:05.869 > 16,-56
16:38:05.872 > 17,-48
16:38:05.876 > 17,-54
16:38:05.969 > 17,-45
16:38:06.071 > 17,-42
16:38:06.174 > 17,-45
16:38:06.276 > 18,-39
16:38:06.379 > 18,-38
16:38:06.481 > 18,-54
16:38:06.583 > 18,-58
16:38:06.686 > 18,-53
16:38:06.788 > 19,-52
16:38:06.891 > 19,-43
16:38:06.993 > 19,-41
16:38:07.096 > 19,-40
16:38:07.198 > 19,-39
16:38:07.300 > 20,-39
16:38:07.403 > 20,-38
16:38:07.505 > 20,-40
16:38:07.607 > 20,-39
16:38:07.710 > 20,-38
16:38:07.815 > 21,-39
16:38:07.815 > 21,-39
16:38:07.815 > 21,-40
16:38:07.818 > 21,-39
16:38:07.821 > 21,-40
16:38:07.840 > 22,-41
16:38:07.914 > 22,-41
16:38:08.017 > 22,-49
16:38:08.120 > 22,-42
16:38:08.222 > 22,-41
16:38:08.324 > 23,-41
16:38:08.426 > 23,-49
16:38:08.529 > 23,-43
16:38:08.631 > 23,-42
16:38:08.734 > 23,-44
16:38:08.836 > 24,-45
16:38:08.939 > 24,-52
16:38:09.041 > 24,-44
16:38:09.143 > 24,-50
16:38:09.246 > 24,-44
16:38:09.348 > 25,-44
16:38:09.450 > 25,-44
16:38:09.553 > 25,-51
16:38:09.655 > 25,-45
16:38:09.773 > 25,-55
16:38:09.815 > 26,-55
16:38:09.860 > 26,-53
16:38:09.963 > 26,-46
16:38:10.065 > 26,-61
16:38:10.167 > 26,-52
16:38:10.270 > 27,-57
16:38:10.372 > 27,-45
16:38:10.474 > 27,-46
16:38:10.577 > 27,-54
16:38:10.679 > 27,-53
16:38:10.782 > 28,-45
16:38:10.884 > 28,-45
16:38:10.987 > 28,-50
16:38:11.089 > 28,-50
16:38:11.192 > 28,-43
16:38:11.294 > 29,-43
16:38:11.396 > 29,-41
16:38:11.499 > 29,-43
16:38:11.601 > 29,-44
16:38:11.703 > 29,-43
16:38:11.806 > 30,-44
16:38:11.910 > 30,-40
16:38:11.910 > 30,-40
16:38:11.910 > 30,-39
16:38:11.914 > 30,-39
16:38:11.917 > 31,-39
16:38:12.010 > 31,-44
16:38:12.113 > 31,-44
16:38:12.216 > 31,-44
16:38:12.253 > 31,-45
16:38:12.318 > 32,-52
16:38:12.420 > 32,-52
16:38:12.523 > 32,-52
16:38:12.625 > 32,-50
16:38:12.727 > 32,-51
16:38:12.830 > 33,-43
16:38:12.932 > 33,-50
16:38:13.035 > 33,-52
16:38:13.137 > 33,-44
16:38:13.239 > 33,-51
16:38:13.342 > 34,-45
16:38:13.444 > 34,-44
16:38:13.547 > 34,-52
16:38:13.649 > 34,-54
16:38:13.751 > 34,-45
16:38:13.854 > 35,-51
16:38:13.956 > 35,-44
16:38:14.059 > 35,-53
16:38:14.162 > 35,-44
16:38:14.162 > 35,-51
16:38:14.263 > 36,-50
16:38:14.366 > 36,-52
16:38:14.468 > 36,-45
16:38:14.571 > 36,-45
16:38:14.673 > 36,-44
16:38:14.776 > 37,-44
16:38:14.835 > 37,-50
16:38:14.879 > 37,-44
16:38:14.879 > 37,-44
16:38:14.980 > 37,-44
16:38:15.083 > 38,-50
16:38:15.185 > 38,-54
16:38:15.196 > 38,-56
16:38:15.207 > 38,-56
16:38:15.287 > 38,-43
16:38:15.389 > 39,-51
16:38:15.492 > 39,-43
16:38:15.594 > 39,-44
16:38:15.697 > 39,-56
16:38:15.799 > 39,-43
16:38:15.902 > 40,-56
16:38:16.004 > 40,-50
16:38:16.107 > 40,-48
16:38:16.209 > 40,-44
16:38:16.311 > 40,-54
16:38:16.414 > 41,-44
16:38:16.516 > 41,-44
16:38:16.619 > 41,-42
16:38:16.721 > 41,-43
16:38:16.823 > 41,-49
16:38:16.926 > 42,-44
16:38:17.028 > 42,-43
16:38:17.131 > 42,-44
16:38:17.233 > 42,-45
16:38:17.335 > 42,-45
16:38:17.438 > 43,-45
16:38:17.540 > 43,-43
16:38:17.643 > 43,-45
16:38:17.745 > 43,-50
16:38:17.847 > 43,-50
16:38:17.950 > 44,-44
16:38:18.053 > 44,-50
16:38:18.155 > 44,-51
16:38:18.257 > 44,-46
16:38:18.359 > 44,-53
16:38:18.462 > 45,-46
16:38:18.564 > 45,-45
16:38:18.666 > 45,-43
16:38:18.769 > 45,-55
16:38:18.871 > 45,-46
16:38:18.974 > 46,-48
16:38:19.076 > 46,-55
16:38:19.179 > 46,-54
16:38:19.281 > 46,-54
16:38:19.383 > 46,-62
16:38:19.486 > 47,-67
16:38:19.588 > 47,-68
16:38:19.691 > 47,-72
16:38:19.796 > 47,-59
16:38:19.796 > 47,-57
16:38:19.796 > 48,-57
16:38:19.799 > 48,-56
16:38:19.803 > 48,-56
16:38:19.895 > 48,-43
16:38:19.998 > 48,-53
16:38:20.100 > 49,-46
16:38:20.204 > 49,-55
16:38:20.204 > 49,-55
16:38:20.305 > 49,-46
16:38:20.407 > 49,-45
16:38:20.510 > 50,-46
16:38:20.612 > 50,-51
16:38:20.715 > 50,-49
16:38:20.820 > 50,-48
16:38:20.820 > 50,-49
16:38:20.820 > 51,-48
16:38:20.823 > 51,-54
16:38:20.826 > 51,-55
16:38:20.919 > 51,-46
16:38:21.014 > 51,-49
16:38:21.018 > 52,-43
16:38:21.023 > 52,-43
16:38:21.025 > 52,-43
16:38:21.028 > 52,-41
16:38:21.032 > 52,-43
16:38:21.036 > 53,-42
16:38:21.038 > 53,-41
16:38:21.041 > 53,-41
16:38:21.112 > 53,-42
16:38:21.115 > 53,-48
16:38:21.118 > 54,-42
16:38:21.124 > 54,-42
16:38:21.127 > 54,-42
16:38:21.129 > 54,-41
16:38:21.133 > 54,-42
16:38:21.136 > 55,-42
16:38:21.138 > 55,-42
16:38:21.141 > 55,-41
16:38:21.145 > 55,-42
16:38:21.149 > 55,-42
16:38:21.151 > 56,-42
16:38:21.154 > 56,-42
16:38:21.157 > 56,-43
16:38:21.236 > 56,-56
16:38:21.329 > 56,-54
16:38:21.432 > 57,-47
16:38:21.534 > 57,-45
16:38:21.636 > 57,-44
16:38:21.739 > 57,-43
16:38:21.841 > 57,-44
16:38:21.943 > 58,-42
16:38:22.046 > 58,-50
16:38:22.050 > 58,-45
16:38:22.054 > 58,-51
16:38:22.059 > 58,-43
16:38:22.064 > 59,-43
16:38:22.068 > 59,-44
16:38:22.073 > 59,-51
16:38:22.148 > 59,-44
16:38:22.153 > 59,-53
16:38:22.157 > 60,-44
16:38:22.162 > 60,-45
16:38:22.166 > 60,-45
16:38:22.170 > 60,-52
16:38:22.176 > 60,-46
16:38:22.250 > 61,-45
16:38:22.255 > 61,-45
16:38:22.260 > 61,-45
16:38:22.264 > 61,-51
16:38:22.270 > 61,-45
16:38:22.274 > 62,-45
16:38:22.279 > 62,-52
16:38:22.353 > 62,-45
16:38:22.455 > 62,-44
16:38:22.558 > 62,-45
16:38:22.660 > 63,-53
16:38:22.762 > 63,-55
16:38:22.841 > 63,-55
16:38:22.868 > 63,-46
16:38:22.868 > 63,-46
16:38:22.868 > 64,-53
16:38:22.871 > 64,-53
16:38:22.874 > 64,-52
16:38:22.967 > 64,-52
16:38:23.070 > 64,-54
16:38:23.172 > 65,-45
16:38:23.274 > 65,-46
16:38:23.377 > 65,-53
16:38:23.479 > 65,-46
16:38:23.582 > 65,-47
16:38:23.684 > 66,-46
16:38:23.787 > 66,-48
16:38:23.889 > 66,-53
16:38:23.991 > 66,-53
16:38:24.094 > 66,-53
16:38:24.196 > 67,-53
16:38:24.299 > 67,-52
16:38:24.401 > 67,-46
16:38:24.503 > 67,-52
16:38:24.606 > 67,-44
16:38:24.708 > 68,-43
16:38:24.811 > 68,-44
16:38:24.913 > 68,-44
16:38:25.015 > 68,-45
16:38:25.118 > 68,-45
16:38:25.220 > 69,-52
16:38:25.323 > 69,-45
16:38:25.425 > 69,-53
16:38:25.527 > 69,-45
16:38:25.630 > 69,-46
16:38:25.732 > 70,-45
16:38:25.835 > 70,-46
16:38:25.937 > 70,-46
16:38:26.040 > 70,-45
16:38:26.142 > 70,-46
16:38:26.244 > 71,-52
16:38:26.347 > 71,-51
16:38:26.449 > 71,-52
16:38:26.552 > 71,-51
16:38:26.654 > 71,-44
16:38:26.756 > 72,-43
16:38:26.862 > 72,-51
16:38:26.862 > 72,-45
16:38:26.862 > 72,-51
16:38:26.865 > 72,-44
16:38:26.868 > 73,-50
16:38:26.961 > 73,-44
16:38:27.064 > 73,-44
16:38:27.166 > 73,-45
16:38:27.268 > 73,-52
16:38:27.370 > 74,-44
16:38:27.473 > 74,-44
16:38:27.575 > 74,-44
16:38:27.678 > 74,-44
16:38:27.780 > 74,-51
16:38:27.883 > 75,-43
16:38:27.985 > 75,-43
16:38:28.088 > 75,-44
16:38:28.190 > 75,-45
16:38:28.292 > 75,-45
16:38:28.394 > 76,-50
16:38:28.497 > 76,-39
16:38:28.600 > 76,-43
16:38:28.702 > 76,-53
16:38:28.804 > 76,-49
16:38:28.907 > 77,-52
16:38:29.009 > 77,-57
16:38:29.112 > 77,-59
16:38:29.214 > 77,-54
16:38:29.317 > 77,-44
16:38:29.419 > 78,-44
16:38:29.521 > 78,-54
16:38:29.559 > 78,-53
16:38:29.562 > 78,-52
16:38:29.566 > 78,-53
16:38:29.569 > 79,-52
16:38:29.573 > 79,-47
16:38:29.579 > 79,-58
16:38:29.581 > 79,-55
16:38:29.624 > 79,-56
16:38:29.639 > 80,-52
16:38:29.642 > 80,-53
16:38:29.645 > 80,-46
16:38:29.659 > 80,-54
16:38:29.669 > 80,-53
16:38:29.688 > 81,-52
16:38:29.691 > 81,-46
16:38:29.695 > 81,-46
16:38:29.699 > 81,-47
16:38:29.703 > 81,-53
16:38:29.706 > 82,-47
16:38:29.709 > 82,-53
16:38:29.729 > 82,-58
16:38:29.828 > 82,-58
16:38:29.931 > 82,-44
16:38:30.033 > 83,-45
16:38:30.136 > 83,-52
16:38:30.238 > 83,-53
16:38:30.340 > 83,-50
16:38:30.442 > 83,-42
16:38:30.545 > 84,-51
16:38:30.647 > 84,-52
16:38:30.750 > 84,-53
16:38:30.853 > 84,-55
16:38:30.955 > 84,-41
16:38:31.057 > 85,-60
16:38:31.160 > 85,-46
16:38:31.262 > 85,-41
16:38:31.365 > 85,-46
16:38:31.467 > 85,-43
16:38:31.569 > 86,-55
16:38:31.672 > 86,-51
16:38:31.774 > 86,-43
16:38:31.877 > 86,-45
16:38:31.979 > 86,-55
16:38:32.081 > 87,-57
16:38:32.183 > 87,-54
16:38:32.286 > 87,-63
16:38:32.374 > 87,-58
16:38:32.388 > 87,-60
16:38:32.491 > 88,-45
16:38:32.593 > 88,-41
16:38:32.696 > 88,-38
16:38:32.798 > 88,-39
16:38:32.900 > 88,-49
16:38:33.003 > 89,-53
16:38:33.105 > 89,-57
16:38:33.208 > 89,-57
16:38:33.310 > 89,-56
16:38:33.413 > 89,-48
16:38:33.515 > 90,-44
16:38:33.618 > 90,-44
16:38:33.720 > 90,-42
16:38:33.822 > 90,-39
16:38:33.925 > 90,-44
16:38:34.027 > 91,-38
16:38:34.129 > 91,-38
16:38:34.232 > 91,-38
16:38:34.334 > 91,-37
16:38:34.437 > 91,-37
16:38:34.539 > 92,-52
16:38:34.644 > 92,-52
16:38:34.644 > 92,-45
16:38:34.644 > 92,-45
16:38:34.650 > 92,-44
16:38:34.650 > 93,-45
16:38:34.650 > 93,-52
16:38:34.653 > 93,-52
16:38:34.747 > 93,-38
16:38:34.747 > 93,-38
16:38:34.747 > 94,-37
16:38:34.750 > 94,-39
16:38:34.757 > 94,-37
16:38:34.757 > 94,-38
16:38:34.757 > 94,-37
16:38:34.846 > 95,-52
16:38:34.849 > 95,-52
16:38:34.856 > 95,-52
16:38:34.856 > 95,-52
16:38:34.856 > 95,-52
16:38:34.861 > 96,-46
16:38:34.861 > 96,-45
16:38:34.950 > 96,-37
16:38:34.950 > 96,-38
16:38:34.953 > 96,-37
16:38:34.956 > 97,-37
16:38:35.051 > 97,-38
16:38:35.154 > 97,-39
16:38:35.256 > 97,-38
16:38:35.358 > 97,-38
16:38:35.460 > 98,-56
16:38:35.563 > 98,-41
16:38:35.665 > 98,-39
16:38:35.768 > 98,-39
16:38:35.873 > 98,-40
16:38:35.873 > 99,-40
16:38:35.873 > 99,-40
16:38:35.876 > 99,-39
16:38:35.879 > 99,-38
16:38:35.973 > 99,-40
16:38:36.083 > Connecting to Wi-Fi - 224
16:38:36.181 > ..............................
16:38:39.905 > Connected! IP address: 192.168.0.244
16:38:39.908 > Iterations
16:38:39.908 > 17
16:38:39.908 > Batch
16:38:39.910 > 1
16:38:40.012 > Batch
16:38:40.012 > 2
16:38:40.115 > Batch
16:38:40.115 > 3
16:38:40.218 > Batch
16:38:40.218 > 4
16:38:40.322 > Batch
16:38:40.322 > 5
16:38:40.424 > Batch
16:38:40.425 > 6
16:38:40.528 > Batch
16:38:40.528 > 7
16:38:40.631 > Batch
16:38:40.631 > 8
16:38:40.734 > Batch
16:38:40.735 > 9
16:38:40.838 > Batch
16:38:40.838 > 10
16:38:40.941 > Batch
16:38:40.941 > 11
16:38:41.044 > Batch
16:38:41.044 > 12
16:38:41.147 > Batch
16:38:41.147 > 13
16:38:41.250 > Batch
16:38:41.250 > 14
16:38:41.354 > Batch
16:38:41.354 > 15
16:38:41.457 > Batch
16:38:41.457 > 16
16:38:41.559 > Batch
16:38:41.560 > 17
16:38:41.661 > Data Sent! Rebooting now
